<?xml version="1.0" encoding="UTF-8"?>
<testsuite name="com.squad.castify.feature.queue.QueueScreenViewModelTest" tests="6" skipped="0" failures="0" errors="0" timestamp="2025-04-22T17:09:20" hostname="michael-allan-odhiambo-OptiPlex-390" time="0.362">
  <properties/>
  <testcase name="stateIsInitiallyLoading" classname="com.squad.castify.feature.queue.QueueScreenViewModelTest" time="0.225"/>
  <testcase name="uiStateIsUpdatedWhenPlayerStateChanges" classname="com.squad.castify.feature.queue.QueueScreenViewModelTest" time="0.105"/>
  <testcase name="uiStateIsUpdatedWhenDownloadedEpisodesChange" classname="com.squad.castify.feature.queue.QueueScreenViewModelTest" time="0.009"/>
  <testcase name="uiStateIsUpdated_whenEpisodesInQueueChange" classname="com.squad.castify.feature.queue.QueueScreenViewModelTest" time="0.008"/>
  <testcase name="uiStateIsUpdatedWhenDownloadingEpisodesChange" classname="com.squad.castify.feature.queue.QueueScreenViewModelTest" time="0.008"/>
  <testcase name="stateIsLoadingWhenAppIsSyncing" classname="com.squad.castify.feature.queue.QueueScreenViewModelTest" time="0.005"/>
  <system-out><![CDATA[]]></system-out>
  <system-err><![CDATA[]]></system-err>
</testsuite>
